make all --print-data-base --no-builtin-variables --no-builtin-rules --question
# GNU Make 3.81
# Copyright (C) 2006  Free Software Foundation, Inc.
# This is free software; see the source for copying conditions.
# There is NO warranty; not even for MERCHANTABILITY or FITNESS FOR A
# PARTICULAR PURPOSE.

# This program built for i386-apple-darwin11.3.0
 

# Make data base, printed on Sun Aug 28 14:27:33 2022

# Variables

# automatic
<D = $(patsubst %/,%,$(dir $<))
# automatic
?F = $(notdir $?)
# makefile (from `Makefile', line 17)
OBJ = $(SRC:.c=.o)
# makefile (from `Makefile', line 15)
SRC = main.c src/utils.c src/move.c src/file_for_norm.c map_parser/parsing_utils.c src/init_func.c src/general_utils.c map_parser/map_utils.c map_parser/parsing.c src/draw_utils.c src/calc_utils.c map_parser/get_map.c map_parser/get_next_line_utils.c map_parser/get_next_line.c map_parser/utils.c
# automatic
?D = $(patsubst %/,%,$(dir $?))
# automatic
@D = $(patsubst %/,%,$(dir $@))
# automatic
@F = $(notdir $@)
# makefile
CURDIR := /Users/salamane/Desktop/final
# makefile
SHELL = /bin/sh
# environment
VSCODE_NLS_CONFIG = {"locale":"en-us","availableLanguages":{},"_languagePackSupport":true}
# environment
_ = /usr/bin/make
# makefile (from `Makefile', line 1)
MAKEFILE_LIST :=  Makefile
# environment
VSCODE_CWD = /
# environment
Apple_PubSub_Socket_Render = /private/tmp/com.apple.launchd.48KIx8m6d6/Render
# environment
PATH = /Users/salamane/.brew/bin:/usr/local/bin:/usr/bin:/bin:/usr/sbin:/sbin:/usr/local/munki
# environment
LSCOLORS = Gxfxcxdxbxegedabagacad
# environment
ELECTRON_RUN_AS_NODE = 1
# default
.FEATURES := target-specific order-only second-expansion else-if archives jobserver check-symlink
# environment
SSH_AUTH_SOCK = /private/tmp/com.apple.launchd.VTvUbAWsii/Listeners
# automatic
%F = $(notdir $%)
# environment
HOMEBREW_TEMP = /tmp/salamane/Homebrew/Temp
# environment
PWD = /Users/salamane/Desktop/final
# environment
ORIGINAL_XDG_CURRENT_DESKTOP = undefined
# environment
VSCODE_AMD_ENTRYPOINT = vs/workbench/api/node/extensionHostProcess
# environment
HOME = /Users/salamane
# default
MAKEFILEPATH := /Applications/Xcode.app/Contents/Developer/Makefiles
# environment
VSCODE_CODE_CACHE_PATH = /Users/salamane/Library/Application Support/Code/CachedData/e4503b30fc78200f846c62cf8091b76ff5547662
# environment
LOGNAME = salamane
# environment
APPLICATION_INSIGHTS_NO_DIAGNOSTIC_CHANNEL = 1
# environment
ZSH = /Users/salamane/.oh-my-zsh
# environment
VSCODE_HANDLES_UNCAUGHT_ERRORS = true
# automatic
^D = $(patsubst %/,%,$(dir $^))
# environment
XPC_FLAGS = 0x0
# default
MAKE = $(MAKE_COMMAND)
# default
MAKECMDGOALS := all
# environment
HOMEBREW_CACHE = /tmp/salamane/Homebrew/Caches
# environment
SHLVL = 1
# makefile (from `Makefile', line 13)
CC = gcc
# default
MAKE_VERSION := 3.81
# environment
USER = salamane
# makefile
.DEFAULT_GOAL := cub3d
# makefile (from `Makefile', line 14)
NAME = cub3d
# environment
LESS = -R
# automatic
%D = $(patsubst %/,%,$(dir $%))
# default
MAKE_COMMAND := /Applications/Xcode.app/Contents/Developer/usr/bin/make
# default
.VARIABLES := 
# environment
TMPDIR = /var/folders/zz/zyxvpxvq6csfxvn_n0000gx80003z_/T/
# automatic
*F = $(notdir $*)
# environment
VSCODE_IPC_HOOK = /Users/salamane/Library/Application Support/Code/1.70.2-main.sock
# environment
MallocNanoZone = 0
# makefile
MAKEFLAGS = Rrqp
# environment
MFLAGS = -Rrqp
# automatic
*D = $(patsubst %/,%,$(dir $*))
# environment
XPC_SERVICE_NAME = com.apple.xpc.launchd.oneshot.0x10000017.Electron
# automatic
+D = $(patsubst %/,%,$(dir $+))
# automatic
+F = $(notdir $+)
# environment
__CF_USER_TEXT_ENCODING = 0xFEA:0x0:0x0
# environment
COMMAND_MODE = unix2003
# default
MAKEFILES := 
# automatic
<F = $(notdir $<)
# environment
PAGER = less
# environment
LC_ALL = C
# environment
SECURITYSESSIONID = 187b7
# automatic
^F = $(notdir $^)
# default
SUFFIXES := 
# makefile (from `Makefile', line 16)
LIBNAME = Libft/libft.a
# default
.INCLUDE_DIRS = /usr/local/include
# environment
MAKELEVEL := 0
# environment
LANG = C
# environment
VSCODE_PID = 55281
# variable set hash-table stats:
# Load=70/1024=7%, Rehash=0, Collisions=3/98=3%

# Pattern-specific Variable Values

# No pattern-specific variable values.

# Directories

# . (device 16777227, inode 1617191): 15 files, no impossibilities.
# src (device 16777227, inode 1617320): 15 files, no impossibilities so far.
# map_parser (device 16777227, inode 1617310): 17 files, no impossibilities so far.

# 47 files, no impossibilities in 3 directories.

# Implicit Rules

%.o: %.c
#  commands to execute (from `Makefile', line 20):
	$(CC) -Wall -Wextra -Werror -Imlx -c $< -o $@
	

# 1 implicit rules, 0 (0.0%) terminal.

# Files

# Not a target:
map_parser/get_next_line.c:
#  Implicit rule search has been done.
#  Last modified 2022-08-17 12:40:30
#  File has been updated.
#  Successfully updated.
# variable set hash-table stats:
# Load=0/32=0%, Rehash=0, Collisions=0/0=0%

src/move.o: src/move.c
#  Implicit rule search has been done.
#  Implicit/static pattern stem: `src/move'
#  Last modified 2022-08-28 12:20:35
#  File has been updated.
#  Successfully updated.
# variable set hash-table stats:
# Load=0/32=0%, Rehash=0, Collisions=0/0=0%
#  commands to execute (from `Makefile', line 20):
	$(CC) -Wall -Wextra -Werror -Imlx -c $< -o $@
	

all: cub3d
#  Command-line target.
#  Implicit rule search has been done.
#  File does not exist.
#  File has been updated.
#  Successfully updated.
# variable set hash-table stats:
# Load=0/32=0%, Rehash=0, Collisions=0/0=0%

# Not a target:
map_parser/parsing.c:
#  Implicit rule search has been done.
#  Last modified 2022-08-17 12:40:30
#  File has been updated.
#  Successfully updated.
# variable set hash-table stats:
# Load=0/32=0%, Rehash=0, Collisions=0/0=0%

map_parser/utils.o: map_parser/utils.c
#  Implicit rule search has been done.
#  Implicit/static pattern stem: `map_parser/utils'
#  Last modified 2022-08-28 12:20:36
#  File has been updated.
#  Successfully updated.
# variable set hash-table stats:
# Load=0/32=0%, Rehash=0, Collisions=0/0=0%
#  commands to execute (from `Makefile', line 20):
	$(CC) -Wall -Wextra -Werror -Imlx -c $< -o $@
	

# Not a target:
main.c:
#  Implicit rule search has been done.
#  Last modified 2022-08-17 16:17:36
#  File has been updated.
#  Successfully updated.
# variable set hash-table stats:
# Load=0/32=0%, Rehash=0, Collisions=0/0=0%

cub3d: main.o src/utils.o src/move.o src/file_for_norm.o map_parser/parsing_utils.o src/init_func.o src/general_utils.o map_parser/map_utils.o map_parser/parsing.o src/draw_utils.o src/calc_utils.o map_parser/get_map.o map_parser/get_next_line_utils.o map_parser/get_next_line.o map_parser/utils.o
#  Implicit rule search has not been done.
#  Last modified 2022-08-28 12:20:37
#  File has been updated.
#  Successfully updated.
# variable set hash-table stats:
# Load=0/32=0%, Rehash=0, Collisions=0/0=0%
#  commands to execute (from `Makefile', line 23):
	$(MAKE) -C Libft
	$(CC) $(OBJ) -lmlx -framework OpenGL -framework AppKit $(LIBNAME) -o $(NAME)
	

src/general_utils.o: src/general_utils.c
#  Implicit rule search has been done.
#  Implicit/static pattern stem: `src/general_utils'
#  Last modified 2022-08-28 12:20:35
#  File has been updated.
#  Successfully updated.
# variable set hash-table stats:
# Load=0/32=0%, Rehash=0, Collisions=0/0=0%
#  commands to execute (from `Makefile', line 20):
	$(CC) -Wall -Wextra -Werror -Imlx -c $< -o $@
	

# Not a target:
.SUFFIXES:
#  Implicit rule search has not been done.
#  Modification time never checked.
#  File has not been updated.

# Not a target:
Makefile:
#  Implicit rule search has been done.
#  Last modified 2022-08-17 12:40:30
#  File has been updated.
#  Successfully updated.
# variable set hash-table stats:
# Load=0/32=0%, Rehash=0, Collisions=0/0=0%

# Not a target:
map_parser/map_utils.c:
#  Implicit rule search has been done.
#  Last modified 2022-08-17 12:40:30
#  File has been updated.
#  Successfully updated.
# variable set hash-table stats:
# Load=0/32=0%, Rehash=0, Collisions=0/0=0%

map_parser/get_next_line_utils.o: map_parser/get_next_line_utils.c
#  Implicit rule search has been done.
#  Implicit/static pattern stem: `map_parser/get_next_line_utils'
#  Last modified 2022-08-28 12:20:35
#  File has been updated.
#  Successfully updated.
# variable set hash-table stats:
# Load=0/32=0%, Rehash=0, Collisions=0/0=0%
#  commands to execute (from `Makefile', line 20):
	$(CC) -Wall -Wextra -Werror -Imlx -c $< -o $@
	

 
# Not a target:
map_parser/get_map.c:
#  Implicit rule search has been done.
#  Last modified 2022-08-28 12:19:55
#  File has been updated.
#  Successfully updated.
# variable set hash-table stats:
# Load=0/32=0%, Rehash=0, Collisions=0/0=0%

map_parser/parsing_utils.o: map_parser/parsing_utils.c
#  Implicit rule search has been done.
#  Implicit/static pattern stem: `map_parser/parsing_utils'
#  Last modified 2022-08-28 12:20:35
#  File has been updated.
#  Successfully updated.
# variable set hash-table stats:
# Load=0/32=0%, Rehash=0, Collisions=0/0=0%
#  commands to execute (from `Makefile', line 20):
	$(CC) -Wall -Wextra -Werror -Imlx -c $< -o $@
	

# Not a target:
src/move.c:
#  Implicit rule search has been done.
#  Last modified 2022-08-28 12:19:55
#  File has been updated.
#  Successfully updated.
# variable set hash-table stats:
# Load=0/32=0%, Rehash=0, Collisions=0/0=0%

# Not a target:
map_parser/utils.c:
#  Implicit rule search has been done.
#  Last modified 2022-08-17 14:47:58
#  File has been updated.
#  Successfully updated.
# variable set hash-table stats:
# Load=0/32=0%, Rehash=0, Collisions=0/0=0%

fclean: clean
#  Implicit rule search has not been done.
#  Modification time never checked.
#  File has not been updated.
#  commands to execute (from `Makefile', line 33):
	rm -rf $(LIBNAME)
	rm -f $(NAME)
	

src/calc_utils.o: src/calc_utils.c
#  Implicit rule search has been done.
#  Implicit/static pattern stem: `src/calc_utils'
#  Last modified 2022-08-28 12:20:35
#  File has been updated.
#  Successfully updated.
# variable set hash-table stats:
# Load=0/32=0%, Rehash=0, Collisions=0/0=0%
#  commands to execute (from `Makefile', line 20):
	$(CC) -Wall -Wextra -Werror -Imlx -c $< -o $@
	

src/draw_utils.o: src/draw_utils.c
#  Implicit rule search has been done.
#  Implicit/static pattern stem: `src/draw_utils'
#  Last modified 2022-08-28 12:20:35
#  File has been updated.
#  Successfully updated.
# variable set hash-table stats:
# Load=0/32=0%, Rehash=0, Collisions=0/0=0%
#  commands to execute (from `Makefile', line 20):
	$(CC) -Wall -Wextra -Werror -Imlx -c $< -o $@
	

src/file_for_norm.o: src/file_for_norm.c
#  Implicit rule search has been done.
#  Implicit/static pattern stem: `src/file_for_norm'
#  Last modified 2022-08-28 12:20:35
#  File has been updated.
#  Successfully updated.
# variable set hash-table stats:
# Load=0/32=0%, Rehash=0, Collisions=0/0=0%
#  commands to execute (from `Makefile', line 20):
	$(CC) -Wall -Wextra -Werror -Imlx -c $< -o $@
	

src/init_func.o: src/init_func.c
#  Implicit rule search has been done.
#  Implicit/static pattern stem: `src/init_func'
#  Last modified 2022-08-28 12:20:35
#  File has been updated.
#  Successfully updated.
# variable set hash-table stats:
# Load=0/32=0%, Rehash=0, Collisions=0/0=0%
#  commands to execute (from `Makefile', line 20):
	$(CC) -Wall -Wextra -Werror -Imlx -c $< -o $@
	

# Not a target:
src/general_utils.c:
#  Implicit rule search has been done.
#  Last modified 2022-08-17 18:59:09
#  File has been updated.
#  Successfully updated.
# variable set hash-table stats:
# Load=0/32=0%, Rehash=0, Collisions=0/0=0%

src/utils.o: src/utils.c
#  Implicit rule search has been done.
#  Implicit/static pattern stem: `src/utils'
#  Last modified 2022-08-28 12:20:35
#  File has been updated.
#  Successfully updated.
# variable set hash-table stats:
# Load=0/32=0%, Rehash=0, Collisions=0/0=0%
#  commands to execute (from `Makefile', line 20):
	$(CC) -Wall -Wextra -Werror -Imlx -c $< -o $@
	

# Not a target:
.DEFAULT:
#  Implicit rule search has not been done.
#  Modification time never checked.
#  File has not been updated.

# Not a target:
map_parser/get_next_line_utils.c:
#  Implicit rule search has been done.
#  Last modified 2022-08-17 12:40:30
#  File has been updated.
#  Successfully updated.
# variable set hash-table stats:
# Load=0/32=0%, Rehash=0, Collisions=0/0=0%

map_parser/get_next_line.o: map_parser/get_next_line.c
#  Implicit rule search has been done.
#  Implicit/static pattern stem: `map_parser/get_next_line'
#  Last modified 2022-08-28 12:20:35
#  File has been updated.
#  Successfully updated.
# variable set hash-table stats:
# Load=0/32=0%, Rehash=0, Collisions=0/0=0%
#  commands to execute (from `Makefile', line 20):
	$(CC) -Wall -Wextra -Werror -Imlx -c $< -o $@
	

re: fclean all
#  Implicit rule search has not been done.
#  Modification time never checked.
#  File has not been updated.

clean:
#  Implicit rule search has not been done.
#  Modification time never checked.
#  File has not been updated.
#  commands to execute (from `Makefile', line 29):
	$(MAKE) clean -C Libft
	rm -rf $(OBJ)
	

# Not a target:
map_parser/parsing_utils.c:
#  Implicit rule search has been done.
#  Last modified 2022-08-28 12:20:32
#  File has been updated.
#  Successfully updated.
# variable set hash-table stats:
# Load=0/32=0%, Rehash=0, Collisions=0/0=0%

map_parser/parsing.o: map_parser/parsing.c
#  Implicit rule search has been done.
#  Implicit/static pattern stem: `map_parser/parsing'
#  Last modified 2022-08-28 12:20:35
#  File has been updated.
#  Successfully updated.
# variable set hash-table stats:
# Load=0/32=0%, Rehash=0, Collisions=0/0=0%
#  commands to execute (from `Makefile', line 20):
	$(CC) -Wall -Wextra -Werror -Imlx -c $< -o $@
	

main.o: main.c
#  Implicit rule search has been done.
#  Implicit/static pattern stem: `main'
#  Last modified 2022-08-28 12:20:35
#  File has been updated.
#  Successfully updated.
# variable set hash-table stats:
# Load=0/32=0%, Rehash=0, Collisions=0/0=0%
#  commands to execute (from `Makefile', line 20):
	$(CC) -Wall -Wextra -Werror -Imlx -c $< -o $@
	

# Not a target:
src/calc_utils.c:
#  Implicit rule search has been done.
#  Last modified 2022-08-28 12:19:55
#  File has been updated.
#  Successfully updated.
# variable set hash-table stats:
# Load=0/32=0%, Rehash=0, Collisions=0/0=0%

# Not a target:
src/draw_utils.c:
#  Implicit rule search has been done.
#  Last modified 2022-08-17 12:40:30
#  File has been updated.
#  Successfully updated.
# variable set hash-table stats:
# Load=0/32=0%, Rehash=0, Collisions=0/0=0%

# Not a target:
src/file_for_norm.c:
#  Implicit rule search has been done.
#  Last modified 2022-08-17 18:59:09
#  File has been updated.
#  Successfully updated.
# variable set hash-table stats:
# Load=0/32=0%, Rehash=0, Collisions=0/0=0%

# Not a target:
src/init_func.c:
#  Implicit rule search has been done.
#  Last modified 2022-08-17 12:40:30
#  File has been updated.
#  Successfully updated.
# variable set hash-table stats:
# Load=0/32=0%, Rehash=0, Collisions=0/0=0%

map_parser/map_utils.o: map_parser/map_utils.c
#  Implicit rule search has been done.
#  Implicit/static pattern stem: `map_parser/map_utils'
#  Last modified 2022-08-28 12:20:35
#  File has been updated.
#  Successfully updated.
# variable set hash-table stats:
# Load=0/32=0%, Rehash=0, Collisions=0/0=0%
#  commands to execute (from `Makefile', line 20):
	$(CC) -Wall -Wextra -Werror -Imlx -c $< -o $@
	

# Not a target:
src/utils.c:
#  Implicit rule search has been done.
#  Last modified 2022-08-17 12:40:30
#  File has been updated.
#  Successfully updated.
# variable set hash-table stats:
# Load=0/32=0%, Rehash=0, Collisions=0/0=0%

map_parser/get_map.o: map_parser/get_map.c
#  Implicit rule search has been done.
#  Implicit/static pattern stem: `map_parser/get_map'
#  Last modified 2022-08-28 12:20:35
#  File has been updated.
#  Successfully updated.
# variable set hash-table stats:
# Load=0/32=0%, Rehash=0, Collisions=0/0=0%
#  commands to execute (from `Makefile', line 20):
	$(CC) -Wall -Wextra -Werror -Imlx -c $< -o $@
	

# files hash-table stats:
# Load=38/1024=4%, Rehash=0, Collisions=0/115=0%
# VPATH Search Paths

# No `vpath' search paths.

# No general (`VPATH' variable) search path.

# # of strings in strcache: 1
# # of strcache buffers: 1
# strcache size: total = 4096 / max = 4096 / min = 4096 / avg = 4096
# strcache free: total = 4087 / max = 4087 / min = 4087 / avg = 4087

# Finished Make data base on Sun Aug 28 14:27:33 2022

 
